#
# There is insufficient memory for the Java Runtime Environment to continue.
# Native memory allocation (mmap) failed to map 67108864 bytes for G1 virtual space
# Possible reasons:
#   The system is out of physical RAM or swap space
#   The process is running with CompressedOops enabled, and the Java Heap may be blocking the growth of the native heap
# Possible solutions:
#   Reduce memory load on the system
#   Increase physical memory or swap space
#   Check if swap backing store is full
#   Decrease Java heap size (-Xmx/-Xms)
#   Decrease number of Java threads
#   Decrease Java thread stack sizes (-Xss)
#   Set larger code cache with -XX:ReservedCodeCacheSize=
#   JVM is running with Unscaled Compressed Oops mode in which the Java heap is
#     placed in the first 4GB address space. The Java Heap base address is the
#     maximum limit for the native heap growth. Please use -XX:HeapBaseMinAddress
#     to set the Java Heap base and to place the Java Heap above 4GB virtual address.
# This output file may be truncated or incomplete.
#
#  Out of Memory Error (os_windows.cpp:3552), pid=19704, tid=4088
#
# JRE version:  (17.0.9+11) (build )
# Java VM: Java HotSpot(TM) 64-Bit Server VM (17.0.9+11-LTS-201, mixed mode, sharing, tiered, compressed oops, compressed class ptrs, g1 gc, windows-amd64)
# No core dump will be written. Minidumps are not enabled by default on client versions of Windows
#

---------------  S U M M A R Y ------------

Command Line: -Dfile.encoding=UTF-8 --module-path=C:\Users\P P\Documents\NetBeansProjects\Electricity Billing System\build\classes electricity.billing.system.Splash

Host: Intel(R) Core(TM) i3-7020U CPU @ 2.30GHz, 4 cores, 3G,  Windows 10 , 64 bit Build 19041 (10.0.19041.3636)
Time: Wed Jan 24 17:14:16 2024 India Standard Time elapsed time: 0.026182 seconds (0d 0h 0m 0s)

---------------  T H R E A D  ---------------

Current thread (0x000001bd0f7f2940):  JavaThread "Unknown thread" [_thread_in_vm, id=4088, stack(0x0000000a77600000,0x0000000a77700000)]

Stack: [0x0000000a77600000,0x0000000a77700000]
Native frames: (J=compiled Java code, j=interpreted, Vv=VM code, C=native code)
V  [jvm.dll+0x678a4a]
V  [jvm.dll+0x7d9cfd]
V  [jvm.dll+0x7db60e]
V  [jvm.dll+0x7dbc73]
V  [jvm.dll+0x245e1f]
V  [jvm.dll+0x6758f9]
V  [jvm.dll+0x66a2a2]
V  [jvm.dll+0x303686]
V  [jvm.dll+0x30ac06]
V  [jvm.dll+0x35a48e]
V  [jvm.dll+0x35a6bf]
V  [jvm.dll+0x2da678]
V  [jvm.dll+0x2db5e4]
V  [jvm.dll+0x7ab6b1]
V  [jvm.dll+0x368041]
V  [jvm.dll+0x78a749]
V  [jvm.dll+0x3ebd4f]
V  [jvm.dll+0x3ed7d1]
C  [jli.dll+0x5297]
C  [ucrtbase.dll+0x21bb2]
C  [KERNEL32.DLL+0x17344]
C  [ntdll.dll+0x526b1]


---------------  P R O C E S S  ---------------

Threads class SMR info:
_java_thread_list=0x00007ffd475089d8, length=0, elements={
}

Java Threads: ( => current thread )

Other Threads:
  0x000001bd0f82e810 GCTaskThread "GC Thread#0" [stack: 0x0000000a77700000,0x0000000a77800000] [id=19120]
  0x000001bd0f8383c0 ConcurrentGCThread "G1 Main Marker" [stack: 0x0000000a77800000,0x0000000a77900000] [id=17744]
  0x000001bd0f839480 ConcurrentGCThread "G1 Conc#0" [stack: 0x0000000a77900000,0x0000000a77a00000] [id=11028]

[error occurred during error reporting (printing all threads), id 0xc0000005, EXCEPTION_ACCESS_VIOLATION (0xc0000005) at pc=0x00007ffd46d3b2d7]

VM state: not at safepoint (not fully initialized)

VM Mutex/Monitor currently owned by a thread:  ([mutex/lock_event])
[0x000001bd0f7ed890] Heap_lock - owner thread: 0x000001bd0f7f2940

Heap address: 0x00000000c1600000, size: 1002 MB, Compressed Oops mode: 32-bit

CDS archive(s) mapped at: [0x0000000000000000-0x0000000000000000-0x0000000000000000), size 0, SharedBaseAddress: 0x0000000800000000, ArchiveRelocationMode: 1.
Narrow klass base: 0x0000000000000000, Narrow klass shift: 0, Narrow klass range: 0x0

GC Precious Log:
<Empty>

Heap:
 garbage-first heap   total 0K, used 0K [0x00000000c1600000, 0x0000000100000000)
  region size 1024K, 0 young (0K), 0 survivors (0K)

[error occurred during error reporting (printing heap information), id 0xc0000005, EXCEPTION_ACCESS_VIOLATION (0xc0000005) at pc=0x00007ffd47122229]

GC Heap History (0 events):
No events

Deoptimization events (0 events):
No events

Classes unloaded (0 events):
No events

Classes redefined (0 events):
No events

Internal exceptions (0 events):
No events

VM Operations (0 events):
No events

Events (1 events):
Event: 0.016 Loaded shared library C:\Program Files\Java\jdk-17\bin\java.dll


Dynamic libraries:
0x00007ff601bf0000 - 0x00007ff601c00000 	C:\Program Files\Java\jdk-17\bin\java.exe
0x00007ffda9e90000 - 0x00007ffdaa088000 	C:\Windows\SYSTEM32\ntdll.dll
0x00007ffda9cc0000 - 0x00007ffda9d7d000 	C:\Windows\System32\KERNEL32.DLL
0x00007ffda7910000 - 0x00007ffda7c06000 	C:\Windows\System32\KERNELBASE.dll
0x00007ffda7810000 - 0x00007ffda7910000 	C:\Windows\System32\ucrtbase.dll
0x00007ffd970a0000 - 0x00007ffd970bb000 	C:\Program Files\Java\jdk-17\bin\VCRUNTIME140.dll
0x00007ffd9fd60000 - 0x00007ffd9fd79000 	C:\Program Files\Java\jdk-17\bin\jli.dll
0x00007ffda9850000 - 0x00007ffda9903000 	C:\Windows\System32\ADVAPI32.dll
0x00007ffda9a90000 - 0x00007ffda9b2e000 	C:\Windows\System32\msvcrt.dll
0x00007ffda7ee0000 - 0x00007ffda7f7f000 	C:\Windows\System32\sechost.dll
0x00007ffda8460000 - 0x00007ffda8586000 	C:\Windows\System32\RPCRT4.dll
0x00007ffda7d30000 - 0x00007ffda7d57000 	C:\Windows\System32\bcrypt.dll
0x00007ffda80c0000 - 0x00007ffda825e000 	C:\Windows\System32\USER32.dll
0x00007ffda7eb0000 - 0x00007ffda7ed2000 	C:\Windows\System32\win32u.dll
0x00007ffda8420000 - 0x00007ffda844c000 	C:\Windows\System32\GDI32.dll
0x00007ffda7c10000 - 0x00007ffda7d2a000 	C:\Windows\System32\gdi32full.dll
0x00007ffda7e10000 - 0x00007ffda7ead000 	C:\Windows\System32\msvcp_win.dll
0x00007ffd93eb0000 - 0x00007ffd9414a000 	C:\Windows\WinSxS\amd64_microsoft.windows.common-controls_6595b64144ccf1df_6.0.19041.3636_none_60b6a03d71f818d5\COMCTL32.dll
0x00007ffd9ee30000 - 0x00007ffd9ee3a000 	C:\Windows\SYSTEM32\VERSION.dll
0x00007ffda8090000 - 0x00007ffda80c0000 	C:\Windows\System32\IMM32.DLL
0x00007ffd9df20000 - 0x00007ffd9df2c000 	C:\Program Files\Java\jdk-17\bin\vcruntime140_1.dll
0x00007ffd811c0000 - 0x00007ffd8124e000 	C:\Program Files\Java\jdk-17\bin\msvcp140.dll
0x00007ffd46a50000 - 0x00007ffd47631000 	C:\Program Files\Java\jdk-17\bin\server\jvm.dll
0x00007ffda8260000 - 0x00007ffda8268000 	C:\Windows\System32\PSAPI.DLL
0x00007ffd95080000 - 0x00007ffd950a7000 	C:\Windows\SYSTEM32\WINMM.dll
0x00007ffd9df30000 - 0x00007ffd9df39000 	C:\Windows\SYSTEM32\WSOCK32.dll
0x00007ffda9de0000 - 0x00007ffda9e4b000 	C:\Windows\System32\WS2_32.dll
0x00007ffda5d60000 - 0x00007ffda5d72000 	C:\Windows\SYSTEM32\kernel.appcore.dll
0x00007ffd96990000 - 0x00007ffd9699a000 	C:\Program Files\Java\jdk-17\bin\jimage.dll
0x00007ffda52d0000 - 0x00007ffda54b4000 	C:\Windows\SYSTEM32\DBGHELP.DLL
0x00007ffd8dc40000 - 0x00007ffd8dc74000 	C:\Windows\SYSTEM32\dbgcore.DLL
0x00007ffda7730000 - 0x00007ffda77b2000 	C:\Windows\System32\bcryptPrimitives.dll
0x00007ffd969a0000 - 0x00007ffd969c5000 	C:\Program Files\Java\jdk-17\bin\java.dll

dbghelp: loaded successfully - version: 4.0.5 - missing functions: none
symbol engine: initialized successfully - sym options: 0x614 - pdb path: .;C:\Program Files\Java\jdk-17\bin;C:\Windows\SYSTEM32;C:\Windows\WinSxS\amd64_microsoft.windows.common-controls_6595b64144ccf1df_6.0.19041.3636_none_60b6a03d71f818d5;C:\Program Files\Java\jdk-17\bin\server

VM Arguments:
jvm_args: -Dfile.encoding=UTF-8 --module-path=C:\Users\P P\Documents\NetBeansProjects\Electricity Billing System\build\classes 
java_command: electricity.billing.system.Splash
java_class_path (initial): C:\Users\P P\Documents\NetBeansProjects\Electricity Billing System\src\mysql-connector-java-8.0.28 (2).jar;C:\Users\P P\Documents\NetBeansProjects\Electricity Billing System\build\classes
Launcher Type: SUN_STANDARD

[Global flags]
     intx CICompilerCount                          = 3                                         {product} {ergonomic}
     uint ConcGCThreads                            = 1                                         {product} {ergonomic}
     uint G1ConcRefinementThreads                  = 4                                         {product} {ergonomic}
   size_t G1HeapRegionSize                         = 1048576                                   {product} {ergonomic}
    uintx GCDrainStackTargetSize                   = 64                                        {product} {ergonomic}
   size_t InitialHeapSize                          = 67108864                                  {product} {ergonomic}
   size_t MarkStackSize                            = 4194304                                   {product} {ergonomic}
   size_t MaxHeapSize                              = 1050673152                                {product} {ergonomic}
   size_t MinHeapDeltaBytes                        = 1048576                                   {product} {ergonomic}
   size_t MinHeapSize                              = 8388608                                   {product} {ergonomic}
    uintx NonNMethodCodeHeapSize                   = 5832780                                {pd product} {ergonomic}
    uintx NonProfiledCodeHeapSize                  = 122912730                              {pd product} {ergonomic}
    uintx ProfiledCodeHeapSize                     = 122912730                              {pd product} {ergonomic}
    uintx ReservedCodeCacheSize                    = 251658240                              {pd product} {ergonomic}
     bool SegmentedCodeCache                       = true                                      {product} {ergonomic}
   size_t SoftMaxHeapSize                          = 1050673152                             {manageable} {ergonomic}
     bool UseCompressedClassPointers               = true                           {product lp64_product} {ergonomic}
     bool UseCompressedOops                        = true                           {product lp64_product} {ergonomic}
     bool UseG1GC                                  = true                                      {product} {ergonomic}
     bool UseLargePagesIndividualAllocation        = false                                  {pd product} {ergonomic}

Logging:
Log output configuration:
 #0: stdout all=warning uptime,level,tags
 #1: stderr all=off uptime,level,tags

Environment Variables:
PATH=C:\Program Files\Common Files\Oracle\Java\javapath;C:\Windows\system32;C:\Windows;C:\Windows\System32\Wbem;C:\Windows\System32\WindowsPowerShell\v1.0\;C:\Windows\System32\OpenSSH\;C:\Program Files\Java\jdk-20\bin;C:\Program Files\nodejs\;C:\Program Files\Docker\Docker\resources\bin;C:\Program Files\Java\jdk-17\bin;C:\Program Files\Java\jdk-17\bin;C:\Program Files\MySQL\MySQL Server 8.0\bin;C:\Program Files\MySQL\MySQL Shell 8.0\bin\;C:\Users\P P\AppData\Local\Microsoft\WindowsApps;;C:\Users\P P\AppData\Local\Programs\Microsoft VS Code\bin;C:\Users\P P\AppData\Roaming\npm
USERNAME=P P
OS=Windows_NT
PROCESSOR_IDENTIFIER=Intel64 Family 6 Model 142 Stepping 9, GenuineIntel



---------------  S Y S T E M  ---------------

OS:
 Windows 10 , 64 bit Build 19041 (10.0.19041.3636)
OS uptime: 3 days 3:15 hours
Hyper-V role detected

CPU: total 4 (initial active 4) (2 cores per cpu, 2 threads per core) family 6 model 142 stepping 9 microcode 0xb4, cx8, cmov, fxsr, ht, mmx, 3dnowpref, sse, sse2, sse3, ssse3, sse4.1, sse4.2, popcnt, lzcnt, tsc, tscinvbit, avx, avx2, aes, erms, clmul, bmi1, bmi2, adx, fma, vzeroupper, clflush, clflushopt, hv

Memory: 4k page, system-wide physical 4001M (347M free)
TotalPageFile size 16289M (AvailPageFile size 28M)
current process WorkingSet (physical memory assigned to process): 10M, peak: 10M
current process commit charge ("private bytes"): 51M, peak: 115M

vm_info: Java HotSpot(TM) 64-Bit Server VM (17.0.9+11-LTS-201) for windows-amd64 JRE (17.0.9+11-LTS-201), built on Oct 10 2023 23:16:06 by "mach5one" with MS VC++ 17.1 (VS2022)

END.
