#
# There is insufficient memory for the Java Runtime Environment to continue.
# Native memory allocation (malloc) failed to allocate 32744 bytes for ChunkPool::allocate
# Possible reasons:
#   The system is out of physical RAM or swap space
#   The process is running with CompressedOops enabled, and the Java Heap may be blocking the growth of the native heap
# Possible solutions:
#   Reduce memory load on the system
#   Increase physical memory or swap space
#   Check if swap backing store is full
#   Decrease Java heap size (-Xmx/-Xms)
#   Decrease number of Java threads
#   Decrease Java thread stack sizes (-Xss)
#   Set larger code cache with -XX:ReservedCodeCacheSize=
#   JVM is running with Unscaled Compressed Oops mode in which the Java heap is
#     placed in the first 4GB address space. The Java Heap base address is the
#     maximum limit for the native heap growth. Please use -XX:HeapBaseMinAddress
#     to set the Java Heap base and to place the Java Heap above 4GB virtual address.
# This output file may be truncated or incomplete.
#
#  Out of Memory Error (arena.cpp:78), pid=19488, tid=6116
#
# JRE version: Java(TM) SE Runtime Environment (17.0.9+11) (build 17.0.9+11-LTS-201)
# Java VM: Java HotSpot(TM) 64-Bit Server VM (17.0.9+11-LTS-201, mixed mode, tiered, compressed oops, compressed class ptrs, g1 gc, windows-amd64)
# No core dump will be written. Minidumps are not enabled by default on client versions of Windows
#

---------------  S U M M A R Y ------------

Command Line: -Dfile.encoding=UTF-8 --module-path=C:\Users\P P\Documents\NetBeansProjects\Electricity Billing System\build\classes electricity.billing.system.Project

Host: Intel(R) Core(TM) i3-7020U CPU @ 2.30GHz, 4 cores, 3G,  Windows 10 , 64 bit Build 19041 (10.0.19041.3636)
Time: Wed Jan 24 17:10:02 2024 India Standard Time elapsed time: 0.094229 seconds (0d 0h 0m 0s)

---------------  T H R E A D  ---------------

Current thread (0x000002b09e6f15a0):  JavaThread "main" [_thread_in_vm, id=6116, stack(0x000000eec9800000,0x000000eec9900000)]

Stack: [0x000000eec9800000,0x000000eec9900000]
Native frames: (J=compiled Java code, j=interpreted, Vv=VM code, C=native code)
V  [jvm.dll+0x678a4a]
V  [jvm.dll+0x7d9cfd]
V  [jvm.dll+0x7db60e]
V  [jvm.dll+0x7dbc73]
V  [jvm.dll+0x245e1f]
V  [jvm.dll+0xaad50]
V  [jvm.dll+0xab09c]
V  [jvm.dll+0x6cf277]
V  [jvm.dll+0x6cfe6f]
V  [jvm.dll+0x36ef15]
V  [jvm.dll+0x36dfc4]
V  [jvm.dll+0x36df68]
V  [jvm.dll+0x78aa02]
V  [jvm.dll+0x3ebd4f]
V  [jvm.dll+0x3ed7d1]
C  [jli.dll+0x5297]
C  [ucrtbase.dll+0x21bb2]
C  [KERNEL32.DLL+0x17344]
C  [ntdll.dll+0x526b1]


---------------  P R O C E S S  ---------------

Threads class SMR info:
_java_thread_list=0x000002b0bb8e6860, length=10, elements={
0x000002b09e6f15a0, 0x000002b0bb911620, 0x000002b0bb913500, 0x000002b0bb91ff00,
0x000002b0bb920410, 0x000002b0bb920e30, 0x000002b0bb921340, 0x000002b0bb93d650,
0x000002b0bb93e010, 0x000002b0bb922780
}

Java Threads: ( => current thread )
=>0x000002b09e6f15a0 JavaThread "main" [_thread_in_vm, id=6116, stack(0x000000eec9800000,0x000000eec9900000)]
  0x000002b0bb911620 JavaThread "Reference Handler" daemon [_thread_blocked, id=11252, stack(0x000000eec9f00000,0x000000eeca000000)]
  0x000002b0bb913500 JavaThread "Finalizer" daemon [_thread_blocked, id=15276, stack(0x000000eeca000000,0x000000eeca100000)]
  0x000002b0bb91ff00 JavaThread "Signal Dispatcher" daemon [_thread_blocked, id=16644, stack(0x000000eeca100000,0x000000eeca200000)]
  0x000002b0bb920410 JavaThread "Attach Listener" daemon [_thread_blocked, id=18824, stack(0x000000eeca200000,0x000000eeca300000)]
  0x000002b0bb920e30 JavaThread "Service Thread" daemon [_thread_blocked, id=11528, stack(0x000000eeca300000,0x000000eeca400000)]
  0x000002b0bb921340 JavaThread "Monitor Deflation Thread" daemon [_thread_blocked, id=16032, stack(0x000000eeca400000,0x000000eeca500000)]
  0x000002b0bb93d650 JavaThread "C2 CompilerThread0" daemon [_thread_in_vm, id=7904, stack(0x000000eeca500000,0x000000eeca600000)]
  0x000002b0bb93e010 JavaThread "C1 CompilerThread0" daemon [_thread_blocked, id=16204, stack(0x000000eeca600000,0x000000eeca700000)]
  0x000002b0bb922780 JavaThread "Sweeper thread" daemon [_thread_blocked, id=19168, stack(0x000000eeca700000,0x000000eeca800000)]

Other Threads:
  0x000002b09e7c9f50 VMThread "VM Thread" [stack: 0x000000eec9e00000,0x000000eec9f00000] [id=5756]
  0x000002b09e72e770 GCTaskThread "GC Thread#0" [stack: 0x000000eec9900000,0x000000eec9a00000] [id=17388]
  0x000002b09e738320 ConcurrentGCThread "G1 Main Marker" [stack: 0x000000eec9a00000,0x000000eec9b00000] [id=13620]
  0x000002b09e7393e0 ConcurrentGCThread "G1 Conc#0" [stack: 0x000000eec9b00000,0x000000eec9c00000] [id=18508]
  0x000002b09e788280 ConcurrentGCThread "G1 Refine#0" [stack: 0x000000eec9c00000,0x000000eec9d00000] [id=14500]
  0x000002b09e788bc0 ConcurrentGCThread "G1 Service" [stack: 0x000000eec9d00000,0x000000eec9e00000] [id=13436]

Threads with active compile tasks:

VM state: not at safepoint (normal execution)

VM Mutex/Monitor currently owned by a thread: None

Heap address: 0x00000000c1600000, size: 1002 MB, Compressed Oops mode: 32-bit

CDS archive(s) not mapped
Compressed class space mapped at: 0x0000000100000000-0x0000000140000000, reserved size: 1073741824
Narrow klass base: 0x0000000000000000, Narrow klass shift: 3, Narrow klass range: 0x140000000

GC Precious Log:
 CPUs: 4 total, 4 available
 Memory: 4001M
 Large Page Support: Disabled
 NUMA Support: Disabled
 Compressed Oops: Enabled (32-bit)
 Heap Region Size: 1M
 Heap Min Capacity: 8M
 Heap Initial Capacity: 64M
 Heap Max Capacity: 1002M
 Pre-touch: Disabled
 Parallel Workers: 4
 Concurrent Workers: 1
 Concurrent Refinement Workers: 4
 Periodic GC: Disabled

Heap:
 garbage-first heap   total 65536K, used 0K [0x00000000c1600000, 0x0000000100000000)
  region size 1024K, 1 young (1024K), 0 survivors (0K)
 Metaspace       used 2526K, committed 2560K, reserved 1114112K
  class space    used 188K, committed 192K, reserved 1048576K

Heap Regions: E=young(eden), S=young(survivor), O=old, HS=humongous(starts), HC=humongous(continues), CS=collection set, F=free, OA=open archive, CA=closed archive, TAMS=top-at-mark-start (previous, next)
|   0|0x00000000c1600000, 0x00000000c1600000, 0x00000000c1700000|  0%| F|  |TAMS 0x00000000c1600000, 0x00000000c1600000| Untracked 
|   1|0x00000000c1700000, 0x00000000c1700000, 0x00000000c1800000|  0%| F|  |TAMS 0x00000000c1700000, 0x00000000c1700000| Untracked 
|   2|0x00000000c1800000, 0x00000000c1800000, 0x00000000c1900000|  0%| F|  |TAMS 0x00000000c1800000, 0x00000000c1800000| Untracked 
|   3|0x00000000c1900000, 0x00000000c1900000, 0x00000000c1a00000|  0%| F|  |TAMS 0x00000000c1900000, 0x00000000c1900000| Untracked 
|   4|0x00000000c1a00000, 0x00000000c1a00000, 0x00000000c1b00000|  0%| F|  |TAMS 0x00000000c1a00000, 0x00000000c1a00000| Untracked 
|   5|0x00000000c1b00000, 0x00000000c1b00000, 0x00000000c1c00000|  0%| F|  |TAMS 0x00000000c1b00000, 0x00000000c1b00000| Untracked 
|   6|0x00000000c1c00000, 0x00000000c1c00000, 0x00000000c1d00000|  0%| F|  |TAMS 0x00000000c1c00000, 0x00000000c1c00000| Untracked 
|   7|0x00000000c1d00000, 0x00000000c1d00000, 0x00000000c1e00000|  0%| F|  |TAMS 0x00000000c1d00000, 0x00000000c1d00000| Untracked 
|   8|0x00000000c1e00000, 0x00000000c1e00000, 0x00000000c1f00000|  0%| F|  |TAMS 0x00000000c1e00000, 0x00000000c1e00000| Untracked 
|   9|0x00000000c1f00000, 0x00000000c1f00000, 0x00000000c2000000|  0%| F|  |TAMS 0x00000000c1f00000, 0x00000000c1f00000| Untracked 
|  10|0x00000000c2000000, 0x00000000c2000000, 0x00000000c2100000|  0%| F|  |TAMS 0x00000000c2000000, 0x00000000c2000000| Untracked 
|  11|0x00000000c2100000, 0x00000000c2100000, 0x00000000c2200000|  0%| F|  |TAMS 0x00000000c2100000, 0x00000000c2100000| Untracked 
|  12|0x00000000c2200000, 0x00000000c2200000, 0x00000000c2300000|  0%| F|  |TAMS 0x00000000c2200000, 0x00000000c2200000| Untracked 
|  13|0x00000000c2300000, 0x00000000c2300000, 0x00000000c2400000|  0%| F|  |TAMS 0x00000000c2300000, 0x00000000c2300000| Untracked 
|  14|0x00000000c2400000, 0x00000000c2400000, 0x00000000c2500000|  0%| F|  |TAMS 0x00000000c2400000, 0x00000000c2400000| Untracked 
|  15|0x00000000c2500000, 0x00000000c2500000, 0x00000000c2600000|  0%| F|  |TAMS 0x00000000c2500000, 0x00000000c2500000| Untracked 
|  16|0x00000000c2600000, 0x00000000c2600000, 0x00000000c2700000|  0%| F|  |TAMS 0x00000000c2600000, 0x00000000c2600000| Untracked 
|  17|0x00000000c2700000, 0x00000000c2700000, 0x00000000c2800000|  0%| F|  |TAMS 0x00000000c2700000, 0x00000000c2700000| Untracked 
|  18|0x00000000c2800000, 0x00000000c2800000, 0x00000000c2900000|  0%| F|  |TAMS 0x00000000c2800000, 0x00000000c2800000| Untracked 
|  19|0x00000000c2900000, 0x00000000c2900000, 0x00000000c2a00000|  0%| F|  |TAMS 0x00000000c2900000, 0x00000000c2900000| Untracked 
|  20|0x00000000c2a00000, 0x00000000c2a00000, 0x00000000c2b00000|  0%| F|  |TAMS 0x00000000c2a00000, 0x00000000c2a00000| Untracked 
|  21|0x00000000c2b00000, 0x00000000c2b00000, 0x00000000c2c00000|  0%| F|  |TAMS 0x00000000c2b00000, 0x00000000c2b00000| Untracked 
|  22|0x00000000c2c00000, 0x00000000c2c00000, 0x00000000c2d00000|  0%| F|  |TAMS 0x00000000c2c00000, 0x00000000c2c00000| Untracked 
|  23|0x00000000c2d00000, 0x00000000c2d00000, 0x00000000c2e00000|  0%| F|  |TAMS 0x00000000c2d00000, 0x00000000c2d00000| Untracked 
|  24|0x00000000c2e00000, 0x00000000c2e00000, 0x00000000c2f00000|  0%| F|  |TAMS 0x00000000c2e00000, 0x00000000c2e00000| Untracked 
|  25|0x00000000c2f00000, 0x00000000c2f00000, 0x00000000c3000000|  0%| F|  |TAMS 0x00000000c2f00000, 0x00000000c2f00000| Untracked 
|  26|0x00000000c3000000, 0x00000000c3000000, 0x00000000c3100000|  0%| F|  |TAMS 0x00000000c3000000, 0x00000000c3000000| Untracked 
|  27|0x00000000c3100000, 0x00000000c3100000, 0x00000000c3200000|  0%| F|  |TAMS 0x00000000c3100000, 0x00000000c3100000| Untracked 
|  28|0x00000000c3200000, 0x00000000c3200000, 0x00000000c3300000|  0%| F|  |TAMS 0x00000000c3200000, 0x00000000c3200000| Untracked 
|  29|0x00000000c3300000, 0x00000000c3300000, 0x00000000c3400000|  0%| F|  |TAMS 0x00000000c3300000, 0x00000000c3300000| Untracked 
|  30|0x00000000c3400000, 0x00000000c3400000, 0x00000000c3500000|  0%| F|  |TAMS 0x00000000c3400000, 0x00000000c3400000| Untracked 
|  31|0x00000000c3500000, 0x00000000c3500000, 0x00000000c3600000|  0%| F|  |TAMS 0x00000000c3500000, 0x00000000c3500000| Untracked 
|  32|0x00000000c3600000, 0x00000000c3600000, 0x00000000c3700000|  0%| F|  |TAMS 0x00000000c3600000, 0x00000000c3600000| Untracked 
|  33|0x00000000c3700000, 0x00000000c3700000, 0x00000000c3800000|  0%| F|  |TAMS 0x00000000c3700000, 0x00000000c3700000| Untracked 
|  34|0x00000000c3800000, 0x00000000c3800000, 0x00000000c3900000|  0%| F|  |TAMS 0x00000000c3800000, 0x00000000c3800000| Untracked 
|  35|0x00000000c3900000, 0x00000000c3900000, 0x00000000c3a00000|  0%| F|  |TAMS 0x00000000c3900000, 0x00000000c3900000| Untracked 
|  36|0x00000000c3a00000, 0x00000000c3a00000, 0x00000000c3b00000|  0%| F|  |TAMS 0x00000000c3a00000, 0x00000000c3a00000| Untracked 
|  37|0x00000000c3b00000, 0x00000000c3b00000, 0x00000000c3c00000|  0%| F|  |TAMS 0x00000000c3b00000, 0x00000000c3b00000| Untracked 
|  38|0x00000000c3c00000, 0x00000000c3c00000, 0x00000000c3d00000|  0%| F|  |TAMS 0x00000000c3c00000, 0x00000000c3c00000| Untracked 
|  39|0x00000000c3d00000, 0x00000000c3d00000, 0x00000000c3e00000|  0%| F|  |TAMS 0x00000000c3d00000, 0x00000000c3d00000| Untracked 
|  40|0x00000000c3e00000, 0x00000000c3e00000, 0x00000000c3f00000|  0%| F|  |TAMS 0x00000000c3e00000, 0x00000000c3e00000| Untracked 
|  41|0x00000000c3f00000, 0x00000000c3f00000, 0x00000000c4000000|  0%| F|  |TAMS 0x00000000c3f00000, 0x00000000c3f00000| Untracked 
|  42|0x00000000c4000000, 0x00000000c4000000, 0x00000000c4100000|  0%| F|  |TAMS 0x00000000c4000000, 0x00000000c4000000| Untracked 
|  43|0x00000000c4100000, 0x00000000c4100000, 0x00000000c4200000|  0%| F|  |TAMS 0x00000000c4100000, 0x00000000c4100000| Untracked 
|  44|0x00000000c4200000, 0x00000000c4200000, 0x00000000c4300000|  0%| F|  |TAMS 0x00000000c4200000, 0x00000000c4200000| Untracked 
|  45|0x00000000c4300000, 0x00000000c4300000, 0x00000000c4400000|  0%| F|  |TAMS 0x00000000c4300000, 0x00000000c4300000| Untracked 
|  46|0x00000000c4400000, 0x00000000c4400000, 0x00000000c4500000|  0%| F|  |TAMS 0x00000000c4400000, 0x00000000c4400000| Untracked 
|  47|0x00000000c4500000, 0x00000000c4500000, 0x00000000c4600000|  0%| F|  |TAMS 0x00000000c4500000, 0x00000000c4500000| Untracked 
|  48|0x00000000c4600000, 0x00000000c4600000, 0x00000000c4700000|  0%| F|  |TAMS 0x00000000c4600000, 0x00000000c4600000| Untracked 
|  49|0x00000000c4700000, 0x00000000c4700000, 0x00000000c4800000|  0%| F|  |TAMS 0x00000000c4700000, 0x00000000c4700000| Untracked 
|  50|0x00000000c4800000, 0x00000000c4800000, 0x00000000c4900000|  0%| F|  |TAMS 0x00000000c4800000, 0x00000000c4800000| Untracked 
|  51|0x00000000c4900000, 0x00000000c4900000, 0x00000000c4a00000|  0%| F|  |TAMS 0x00000000c4900000, 0x00000000c4900000| Untracked 
|  52|0x00000000c4a00000, 0x00000000c4a00000, 0x00000000c4b00000|  0%| F|  |TAMS 0x00000000c4a00000, 0x00000000c4a00000| Untracked 
|  53|0x00000000c4b00000, 0x00000000c4b00000, 0x00000000c4c00000|  0%| F|  |TAMS 0x00000000c4b00000, 0x00000000c4b00000| Untracked 
|  54|0x00000000c4c00000, 0x00000000c4c00000, 0x00000000c4d00000|  0%| F|  |TAMS 0x00000000c4c00000, 0x00000000c4c00000| Untracked 
|  55|0x00000000c4d00000, 0x00000000c4d00000, 0x00000000c4e00000|  0%| F|  |TAMS 0x00000000c4d00000, 0x00000000c4d00000| Untracked 
|  56|0x00000000c4e00000, 0x00000000c4e00000, 0x00000000c4f00000|  0%| F|  |TAMS 0x00000000c4e00000, 0x00000000c4e00000| Untracked 
|  57|0x00000000c4f00000, 0x00000000c4f00000, 0x00000000c5000000|  0%| F|  |TAMS 0x00000000c4f00000, 0x00000000c4f00000| Untracked 
|  58|0x00000000c5000000, 0x00000000c5000000, 0x00000000c5100000|  0%| F|  |TAMS 0x00000000c5000000, 0x00000000c5000000| Untracked 
|  59|0x00000000c5100000, 0x00000000c5100000, 0x00000000c5200000|  0%| F|  |TAMS 0x00000000c5100000, 0x00000000c5100000| Untracked 
|  60|0x00000000c5200000, 0x00000000c5200000, 0x00000000c5300000|  0%| F|  |TAMS 0x00000000c5200000, 0x00000000c5200000| Untracked 
|  61|0x00000000c5300000, 0x00000000c5300000, 0x00000000c5400000|  0%| F|  |TAMS 0x00000000c5300000, 0x00000000c5300000| Untracked 
|  62|0x00000000c5400000, 0x00000000c5400000, 0x00000000c5500000|  0%| F|  |TAMS 0x00000000c5400000, 0x00000000c5400000| Untracked 
|  63|0x00000000c5500000, 0x00000000c5585318, 0x00000000c5600000| 52%| E|  |TAMS 0x00000000c5500000, 0x00000000c5500000| Complete 

Card table byte_map: [0x000002b0b6fe0000,0x000002b0b71e0000] _byte_map_base: 0x000002b0b69d5000

Marking Bits (Prev, Next): (CMBitMap*) 0x000002b09e72fcb0, (CMBitMap*) 0x000002b09e72fcf0
 Prev Bits: [0x000002b0b73e0000, 0x000002b0b8388000)
 Next Bits: [0x000002b0b8390000, 0x000002b0b9338000)

Polling page: 0x000002b09e5b0000

Metaspace:

Usage:
  Non-class:      2.28 MB used.
      Class:    188.33 KB used.
       Both:      2.47 MB used.

Virtual space:
  Non-class space:       64.00 MB reserved,       2.31 MB (  4%) committed,  1 nodes.
      Class space:        1.00 GB reserved,     192.00 KB ( <1%) committed,  1 nodes.
             Both:        1.06 GB reserved,       2.50 MB ( <1%) committed. 

Chunk freelists:
   Non-Class:  12.00 MB
       Class:  15.75 MB
        Both:  27.75 MB

MaxMetaspaceSize: unlimited
CompressedClassSpaceSize: 1.00 GB
Initial GC threshold: 21.00 MB
Current GC threshold: 21.00 MB
CDS: off
MetaspaceReclaimPolicy: balanced
 - commit_granule_bytes: 65536.
 - commit_granule_words: 8192.
 - virtual_space_node_default_size: 8388608.
 - enlarge_chunks_in_place: 1.
 - new_chunks_are_fully_committed: 0.
 - uncommit_free_chunks: 1.
 - use_allocation_guard: 0.
 - handle_deallocations: 1.


Internal statistics:

num_allocs_failed_limit: 0.
num_arena_births: 2.
num_arena_deaths: 0.
num_vsnodes_births: 2.
num_vsnodes_deaths: 0.
num_space_committed: 40.
num_space_uncommitted: 0.
num_chunks_returned_to_freelist: 0.
num_chunks_taken_from_freelist: 3.
num_chunk_merges: 0.
num_chunk_splits: 2.
num_chunks_enlarged: 0.
num_inconsistent_stats: 0.

CodeHeap 'non-profiled nmethods': size=120000Kb used=0Kb max_used=0Kb free=120000Kb
 bounds [0x000002b0af290000, 0x000002b0af500000, 0x000002b0b67c0000]
CodeHeap 'profiled nmethods': size=120000Kb used=0Kb max_used=0Kb free=120000Kb
 bounds [0x000002b0a77c0000, 0x000002b0a7a30000, 0x000002b0aecf0000]
CodeHeap 'non-nmethods': size=5760Kb used=996Kb max_used=996Kb free=4763Kb
 bounds [0x000002b0aecf0000, 0x000002b0aef60000, 0x000002b0af290000]
 total_blobs=242 nmethods=0 adapters=170
 compilation: enabled
              stopped_count=0, restarted_count=0
 full_count=0

Compilation events (0 events):
No events

GC Heap History (0 events):
No events

Deoptimization events (0 events):
No events

Classes unloaded (0 events):
No events

Classes redefined (0 events):
No events

Internal exceptions (0 events):
No events

VM Operations (0 events):
No events

Events (20 events):
Event: 0.089 loading class jdk/internal/misc/OSEnvironment done
Event: 0.089 loading class sun/io/Win32ErrorMode
Event: 0.089 loading class sun/io/Win32ErrorMode done
Event: 0.090 loading class java/util/Collections
Event: 0.090 loading class java/util/Collections done
Event: 0.090 loading class java/util/Collections$EmptySet
Event: 0.090 loading class java/util/Collections$EmptySet done
Event: 0.090 loading class java/util/Collections$EmptyList
Event: 0.090 loading class java/util/Collections$EmptyList done
Event: 0.090 loading class java/util/Collections$EmptyMap
Event: 0.090 loading class java/util/Collections$EmptyMap done
Event: 0.090 loading class java/lang/IllegalArgumentException
Event: 0.090 loading class java/lang/IllegalArgumentException done
Event: 0.091 Thread 0x000002b0bb91ff00 Thread added: 0x000002b0bb91ff00
Event: 0.091 Thread 0x000002b0bb920410 Thread added: 0x000002b0bb920410
Event: 0.091 Thread 0x000002b0bb920e30 Thread added: 0x000002b0bb920e30
Event: 0.091 Thread 0x000002b0bb921340 Thread added: 0x000002b0bb921340
Event: 0.091 Thread 0x000002b0bb93d650 Thread added: 0x000002b0bb93d650
Event: 0.091 Thread 0x000002b0bb93e010 Thread added: 0x000002b0bb93e010
Event: 0.091 Thread 0x000002b0bb922780 Thread added: 0x000002b0bb922780


Dynamic libraries:
0x00007ff601bf0000 - 0x00007ff601c00000 	C:\Program Files\Java\jdk-17\bin\java.exe
0x00007ffda9e90000 - 0x00007ffdaa088000 	C:\Windows\SYSTEM32\ntdll.dll
0x00007ffda9cc0000 - 0x00007ffda9d7d000 	C:\Windows\System32\KERNEL32.DLL
0x00007ffda7910000 - 0x00007ffda7c06000 	C:\Windows\System32\KERNELBASE.dll
0x00007ffda7810000 - 0x00007ffda7910000 	C:\Windows\System32\ucrtbase.dll
0x00007ffd970a0000 - 0x00007ffd970bb000 	C:\Program Files\Java\jdk-17\bin\VCRUNTIME140.dll
0x00007ffd9fd60000 - 0x00007ffd9fd79000 	C:\Program Files\Java\jdk-17\bin\jli.dll
0x00007ffda9850000 - 0x00007ffda9903000 	C:\Windows\System32\ADVAPI32.dll
0x00007ffda9a90000 - 0x00007ffda9b2e000 	C:\Windows\System32\msvcrt.dll
0x00007ffda7ee0000 - 0x00007ffda7f7f000 	C:\Windows\System32\sechost.dll
0x00007ffda8460000 - 0x00007ffda8586000 	C:\Windows\System32\RPCRT4.dll
0x00007ffda7d30000 - 0x00007ffda7d57000 	C:\Windows\System32\bcrypt.dll
0x00007ffda80c0000 - 0x00007ffda825e000 	C:\Windows\System32\USER32.dll
0x00007ffda7eb0000 - 0x00007ffda7ed2000 	C:\Windows\System32\win32u.dll
0x00007ffd93eb0000 - 0x00007ffd9414a000 	C:\Windows\WinSxS\amd64_microsoft.windows.common-controls_6595b64144ccf1df_6.0.19041.3636_none_60b6a03d71f818d5\COMCTL32.dll
0x00007ffda8420000 - 0x00007ffda844c000 	C:\Windows\System32\GDI32.dll
0x00007ffda7c10000 - 0x00007ffda7d2a000 	C:\Windows\System32\gdi32full.dll
0x00007ffda7e10000 - 0x00007ffda7ead000 	C:\Windows\System32\msvcp_win.dll
0x00007ffd9ee30000 - 0x00007ffd9ee3a000 	C:\Windows\SYSTEM32\VERSION.dll
0x00007ffda8090000 - 0x00007ffda80c0000 	C:\Windows\System32\IMM32.DLL
0x00007ffd9df20000 - 0x00007ffd9df2c000 	C:\Program Files\Java\jdk-17\bin\vcruntime140_1.dll
0x00007ffd811c0000 - 0x00007ffd8124e000 	C:\Program Files\Java\jdk-17\bin\msvcp140.dll
0x00007ffd46a50000 - 0x00007ffd47631000 	C:\Program Files\Java\jdk-17\bin\server\jvm.dll
0x00007ffda8260000 - 0x00007ffda8268000 	C:\Windows\System32\PSAPI.DLL
0x00007ffd9df30000 - 0x00007ffd9df39000 	C:\Windows\SYSTEM32\WSOCK32.dll
0x00007ffd95080000 - 0x00007ffd950a7000 	C:\Windows\SYSTEM32\WINMM.dll
0x00007ffda9de0000 - 0x00007ffda9e4b000 	C:\Windows\System32\WS2_32.dll
0x00007ffda5d60000 - 0x00007ffda5d72000 	C:\Windows\SYSTEM32\kernel.appcore.dll
0x00007ffd96990000 - 0x00007ffd9699a000 	C:\Program Files\Java\jdk-17\bin\jimage.dll
0x00007ffda52d0000 - 0x00007ffda54b4000 	C:\Windows\SYSTEM32\DBGHELP.DLL
0x00007ffd8dc40000 - 0x00007ffd8dc74000 	C:\Windows\SYSTEM32\dbgcore.DLL
0x00007ffda7730000 - 0x00007ffda77b2000 	C:\Windows\System32\bcryptPrimitives.dll
0x00007ffd969a0000 - 0x00007ffd969c5000 	C:\Program Files\Java\jdk-17\bin\java.dll
0x00007ffd733f0000 - 0x00007ffd734c7000 	C:\Program Files\Java\jdk-17\bin\jsvml.dll
0x00007ffda8720000 - 0x00007ffda8e65000 	C:\Windows\System32\SHELL32.dll
0x00007ffda55b0000 - 0x00007ffda5d4b000 	C:\Windows\SYSTEM32\windows.storage.dll
0x00007ffda8e70000 - 0x00007ffda91c4000 	C:\Windows\System32\combase.dll
0x00007ffda6ec0000 - 0x00007ffda6eed000 	C:\Windows\SYSTEM32\Wldp.dll
0x00007ffda9c10000 - 0x00007ffda9cbd000 	C:\Windows\System32\SHCORE.dll
0x00007ffda91d0000 - 0x00007ffda9225000 	C:\Windows\System32\shlwapi.dll
0x00007ffda7490000 - 0x00007ffda74b5000 	C:\Windows\SYSTEM32\profapi.dll

dbghelp: loaded successfully - version: 4.0.5 - missing functions: none
symbol engine: initialized successfully - sym options: 0x614 - pdb path: .;C:\Program Files\Java\jdk-17\bin;C:\Windows\SYSTEM32;C:\Windows\WinSxS\amd64_microsoft.windows.common-controls_6595b64144ccf1df_6.0.19041.3636_none_60b6a03d71f818d5;C:\Program Files\Java\jdk-17\bin\server

VM Arguments:
jvm_args: -Dfile.encoding=UTF-8 --module-path=C:\Users\P P\Documents\NetBeansProjects\Electricity Billing System\build\classes 
java_command: electricity.billing.system.Project
java_class_path (initial): C:\Users\P P\Documents\NetBeansProjects\Electricity Billing System\src\mysql-connector-java-8.0.28 (2).jar;C:\Users\P P\Documents\NetBeansProjects\Electricity Billing System\build\classes
Launcher Type: SUN_STANDARD

[Global flags]
     intx CICompilerCount                          = 3                                         {product} {ergonomic}
     uint ConcGCThreads                            = 1                                         {product} {ergonomic}
     uint G1ConcRefinementThreads                  = 4                                         {product} {ergonomic}
   size_t G1HeapRegionSize                         = 1048576                                   {product} {ergonomic}
    uintx GCDrainStackTargetSize                   = 64                                        {product} {ergonomic}
   size_t InitialHeapSize                          = 67108864                                  {product} {ergonomic}
   size_t MarkStackSize                            = 4194304                                   {product} {ergonomic}
   size_t MaxHeapSize                              = 1050673152                                {product} {ergonomic}
   size_t MaxNewSize                               = 630194176                                 {product} {ergonomic}
   size_t MinHeapDeltaBytes                        = 1048576                                   {product} {ergonomic}
   size_t MinHeapSize                              = 8388608                                   {product} {ergonomic}
    uintx NonNMethodCodeHeapSize                   = 5832780                                {pd product} {ergonomic}
    uintx NonProfiledCodeHeapSize                  = 122912730                              {pd product} {ergonomic}
    uintx ProfiledCodeHeapSize                     = 122912730                              {pd product} {ergonomic}
    uintx ReservedCodeCacheSize                    = 251658240                              {pd product} {ergonomic}
     bool SegmentedCodeCache                       = true                                      {product} {ergonomic}
   size_t SoftMaxHeapSize                          = 1050673152                             {manageable} {ergonomic}
     bool UseCompressedClassPointers               = true                           {product lp64_product} {ergonomic}
     bool UseCompressedOops                        = true                           {product lp64_product} {ergonomic}
     bool UseG1GC                                  = true                                      {product} {ergonomic}
     bool UseLargePagesIndividualAllocation        = false                                  {pd product} {ergonomic}

Logging:
Log output configuration:
 #0: stdout all=warning uptime,level,tags
 #1: stderr all=off uptime,level,tags

Environment Variables:
PATH=C:\Program Files\Common Files\Oracle\Java\javapath;C:\Windows\system32;C:\Windows;C:\Windows\System32\Wbem;C:\Windows\System32\WindowsPowerShell\v1.0\;C:\Windows\System32\OpenSSH\;C:\Program Files\Java\jdk-20\bin;C:\Program Files\nodejs\;C:\Program Files\Docker\Docker\resources\bin;C:\Program Files\Java\jdk-17\bin;C:\Program Files\Java\jdk-17\bin;C:\Program Files\MySQL\MySQL Server 8.0\bin;C:\Program Files\MySQL\MySQL Shell 8.0\bin\;C:\Users\P P\AppData\Local\Microsoft\WindowsApps;;C:\Users\P P\AppData\Local\Programs\Microsoft VS Code\bin;C:\Users\P P\AppData\Roaming\npm
USERNAME=P P
OS=Windows_NT
PROCESSOR_IDENTIFIER=Intel64 Family 6 Model 142 Stepping 9, GenuineIntel



---------------  S Y S T E M  ---------------

OS:
 Windows 10 , 64 bit Build 19041 (10.0.19041.3636)
OS uptime: 3 days 3:11 hours
Hyper-V role detected

CPU: total 4 (initial active 4) (2 cores per cpu, 2 threads per core) family 6 model 142 stepping 9 microcode 0xb4, cx8, cmov, fxsr, ht, mmx, 3dnowpref, sse, sse2, sse3, ssse3, sse4.1, sse4.2, popcnt, lzcnt, tsc, tscinvbit, avx, avx2, aes, erms, clmul, bmi1, bmi2, adx, fma, vzeroupper, clflush, clflushopt, hv

Memory: 4k page, system-wide physical 4001M (342M free)
TotalPageFile size 16289M (AvailPageFile size 1M)
current process WorkingSet (physical memory assigned to process): 20M, peak: 20M
current process commit charge ("private bytes"): 124M, peak: 124M

vm_info: Java HotSpot(TM) 64-Bit Server VM (17.0.9+11-LTS-201) for windows-amd64 JRE (17.0.9+11-LTS-201), built on Oct 10 2023 23:16:06 by "mach5one" with MS VC++ 17.1 (VS2022)

END.
